This file contains any messages produced by compilers while
running configure, to aid debugging if configure makes a mistake.

It was created by hpat-parquet-reader configure 0.1, which was
generated by GNU Autoconf 2.69.  Invocation command line was

  $ ./configure 

## --------- ##
## Platform. ##
## --------- ##

hostname = etotoni-mac03.local
uname -m = x86_64
uname -r = 17.3.0
uname -s = Darwin
uname -v = Darwin Kernel Version 17.3.0: Thu Nov  9 18:09:22 PST 2017; root:xnu-4570.31.3~1/RELEASE_X86_64

/usr/bin/uname -p = i386
/bin/uname -X     = unknown

/bin/arch              = unknown
/usr/bin/arch -k       = unknown
/usr/convex/getsysinfo = unknown
/usr/bin/hostinfo      = Mach kernel version:
	 Darwin Kernel Version 17.3.0: Thu Nov  9 18:09:22 PST 2017; root:xnu-4570.31.3~1/RELEASE_X86_64
Kernel configured for up to 8 processors.
4 processors are physically available.
8 processors are logically available.
Processor type: x86_64h (Intel x86-64h Haswell)
Processors active: 0 1 2 3 4 5 6 7
Primary memory available: 16.00 gigabytes
Default processor set: 392 tasks, 2013 threads, 8 processors
Load average: 2.34, Mach factor: 5.65
/bin/machine           = unknown
/usr/bin/oslevel       = unknown
/bin/universe          = unknown

PATH: /Users/etotoni/pse-hpc/python/anaconda3/envs/PA/bin
PATH: /Users/etotoni/pse-hpc/python/anaconda3/bin
PATH: /Users/etotoni/pse-hpc/google-cloud-sdk/bin
PATH: /usr/local/bin
PATH: /usr/bin
PATH: /bin
PATH: /usr/sbin
PATH: /sbin
PATH: /Library/TeX/texbin
PATH: /opt/X11/bin
PATH: /Applications/Julia-0.5.app/Contents/Resources/julia/bin


## ----------- ##
## Core tests. ##
## ----------- ##

configure:2487: checking for a BSD-compatible install
configure:2555: result: /usr/bin/install -c
configure:2566: checking whether build environment is sane
configure:2621: result: yes
configure:2772: checking for a thread-safe mkdir -p
configure:2811: result: ./install-sh -c -d
configure:2818: checking for gawk
configure:2834: found /usr/local/bin/gawk
configure:2845: result: gawk
configure:2856: checking whether make sets $(MAKE)
configure:2878: result: yes
configure:2907: checking whether make supports nested variables
configure:2924: result: yes
configure:3198: checking that generated files are newer than configure
configure:3204: result: done
configure:3212: creating ./config.status

## ---------------------- ##
## Running config.status. ##
## ---------------------- ##

This file was extended by hpat-parquet-reader config.status 0.1, which was
generated by GNU Autoconf 2.69.  Invocation command line was

  CONFIG_FILES    = 
  CONFIG_HEADERS  = 
  CONFIG_LINKS    = 
  CONFIG_COMMANDS = 
  $ ./config.status 

on etotoni-mac03.local

config.status:801: creating Makefile
config.status:801: creating src/Makefile
configure:4265: checking build system type
configure:4279: result: x86_64-apple-darwin17.3.0
configure:4299: checking host system type
configure:4312: result: x86_64-apple-darwin17.3.0
configure:4353: checking how to print strings
configure:4380: result: printf
configure:4413: checking for style of include used by make
configure:4441: result: GNU
configure:4512: checking for gcc
configure:4539: result: x86_64-apple-darwin13.4.0-clang
configure:4768: checking for C compiler version
configure:4777: x86_64-apple-darwin13.4.0-clang --version >&5
clang version 4.0.1 (tags/RELEASE_401/final)
Target: x86_64-apple-darwin13.4.0
Thread model: posix
InstalledDir: /Users/etotoni/pse-hpc/python/anaconda3/envs/PA/bin
configure:4788: $? = 0
configure:4777: x86_64-apple-darwin13.4.0-clang -v >&5
clang version 4.0.1 (tags/RELEASE_401/final)
Target: x86_64-apple-darwin13.4.0
Thread model: posix
InstalledDir: /Users/etotoni/pse-hpc/python/anaconda3/envs/PA/bin
configure:4788: $? = 0
configure:4777: x86_64-apple-darwin13.4.0-clang -V >&5
clang-4.0: error: argument to '-V' is missing (expected 1 value)
clang-4.0: error: no input files
configure:4788: $? = 1
configure:4777: x86_64-apple-darwin13.4.0-clang -qversion >&5
clang-4.0: error: unknown argument: '-qversion'
clang-4.0: error: no input files
configure:4788: $? = 1
configure:4808: checking whether the C compiler works
configure:4830: x86_64-apple-darwin13.4.0-clang -march=core2 -mtune=haswell -mssse3 -ftree-vectorize -fPIC -fPIE -fstack-protector-strong -O2 -pipe -D_FORTIFY_SOURCE=2 -mmacosx-version-min=10.9 -pie -headerpad_max_install_names conftest.c  >&5
clang-4.0: warning: argument unused during compilation: '-pie' [-Wunused-command-line-argument]
configure:4834: $? = 0
configure:4882: result: yes
configure:4885: checking for C compiler default output file name
configure:4887: result: a.out
configure:4893: checking for suffix of executables
configure:4900: x86_64-apple-darwin13.4.0-clang -o conftest -march=core2 -mtune=haswell -mssse3 -ftree-vectorize -fPIC -fPIE -fstack-protector-strong -O2 -pipe -D_FORTIFY_SOURCE=2 -mmacosx-version-min=10.9 -pie -headerpad_max_install_names conftest.c  >&5
clang-4.0: warning: argument unused during compilation: '-pie' [-Wunused-command-line-argument]
configure:4904: $? = 0
configure:4926: result: 
configure:4948: checking whether we are cross compiling
configure:4956: x86_64-apple-darwin13.4.0-clang -o conftest -march=core2 -mtune=haswell -mssse3 -ftree-vectorize -fPIC -fPIE -fstack-protector-strong -O2 -pipe -D_FORTIFY_SOURCE=2 -mmacosx-version-min=10.9 -pie -headerpad_max_install_names conftest.c  >&5
clang-4.0: warning: argument unused during compilation: '-pie' [-Wunused-command-line-argument]
configure:4960: $? = 0
configure:4967: ./conftest
configure:4971: $? = 0
configure:4986: result: no
configure:4991: checking for suffix of object files
configure:5013: x86_64-apple-darwin13.4.0-clang -c -march=core2 -mtune=haswell -mssse3 -ftree-vectorize -fPIC -fPIE -fstack-protector-strong -O2 -pipe -D_FORTIFY_SOURCE=2 -mmacosx-version-min=10.9 conftest.c >&5
configure:5017: $? = 0
configure:5038: result: o
configure:5042: checking whether we are using the GNU C compiler
configure:5061: x86_64-apple-darwin13.4.0-clang -c -march=core2 -mtune=haswell -mssse3 -ftree-vectorize -fPIC -fPIE -fstack-protector-strong -O2 -pipe -D_FORTIFY_SOURCE=2 -mmacosx-version-min=10.9 conftest.c >&5
configure:5061: $? = 0
configure:5070: result: yes
configure:5079: checking whether x86_64-apple-darwin13.4.0-clang accepts -g
configure:5099: x86_64-apple-darwin13.4.0-clang -c -g -D_FORTIFY_SOURCE=2 -mmacosx-version-min=10.9 conftest.c >&5
configure:5099: $? = 0
configure:5140: result: yes
configure:5157: checking for x86_64-apple-darwin13.4.0-clang option to accept ISO C89
configure:5220: x86_64-apple-darwin13.4.0-clang  -c -march=core2 -mtune=haswell -mssse3 -ftree-vectorize -fPIC -fPIE -fstack-protector-strong -O2 -pipe -D_FORTIFY_SOURCE=2 -mmacosx-version-min=10.9 conftest.c >&5
configure:5220: $? = 0
configure:5233: result: none needed
configure:5258: checking whether x86_64-apple-darwin13.4.0-clang understands -c and -o together
configure:5280: x86_64-apple-darwin13.4.0-clang -c conftest.c -o conftest2.o
configure:5283: $? = 0
configure:5280: x86_64-apple-darwin13.4.0-clang -c conftest.c -o conftest2.o
configure:5283: $? = 0
configure:5295: result: yes
configure:5314: checking dependency style of x86_64-apple-darwin13.4.0-clang
configure:5425: result: gcc3
configure:5440: checking for a sed that does not truncate output
configure:5504: result: /usr/local/bin/gsed
configure:5522: checking for grep that handles long lines and -e
configure:5580: result: /usr/bin/grep
configure:5585: checking for egrep
configure:5647: result: /usr/bin/grep -E
configure:5652: checking for fgrep
configure:5714: result: /usr/bin/grep -F
configure:5749: checking for ld used by x86_64-apple-darwin13.4.0-clang
configure:5816: result: /Users/etotoni/pse-hpc/python/anaconda3/envs/PA/bin/x86_64-apple-darwin13.4.0-ld
configure:5823: checking if the linker (/Users/etotoni/pse-hpc/python/anaconda3/envs/PA/bin/x86_64-apple-darwin13.4.0-ld) is GNU ld
configure:5838: result: no
configure:5850: checking for BSD- or MS-compatible name lister (nm)
configure:5904: result: /Users/etotoni/pse-hpc/python/anaconda3/envs/PA/bin/x86_64-apple-darwin13.4.0-nm
configure:6034: checking the name lister (/Users/etotoni/pse-hpc/python/anaconda3/envs/PA/bin/x86_64-apple-darwin13.4.0-nm) interface
configure:6041: x86_64-apple-darwin13.4.0-clang -c -march=core2 -mtune=haswell -mssse3 -ftree-vectorize -fPIC -fPIE -fstack-protector-strong -O2 -pipe -D_FORTIFY_SOURCE=2 -mmacosx-version-min=10.9 conftest.c >&5
configure:6044: /Users/etotoni/pse-hpc/python/anaconda3/envs/PA/bin/x86_64-apple-darwin13.4.0-nm "conftest.o"
configure:6047: output
0000000000000000 S _some_variable
configure:6054: result: BSD nm
configure:6057: checking whether ln -s works
configure:6061: result: yes
configure:6069: checking the maximum length of command line arguments
configure:6200: result: 196608
configure:6248: checking how to convert x86_64-apple-darwin17.3.0 file names to x86_64-apple-darwin17.3.0 format
configure:6288: result: func_convert_file_noop
configure:6295: checking how to convert x86_64-apple-darwin17.3.0 file names to toolchain format
configure:6315: result: func_convert_file_noop
configure:6322: checking for /Users/etotoni/pse-hpc/python/anaconda3/envs/PA/bin/x86_64-apple-darwin13.4.0-ld option to reload object files
configure:6329: result: -r
configure:6403: checking for objdump
configure:6419: found /usr/bin/objdump
configure:6430: result: objdump
configure:6462: checking how to recognize dependent libraries
configure:6662: result: pass_all
configure:6747: checking for dlltool
configure:6777: result: no
configure:6807: checking how to associate runtime and link libraries
configure:6834: result: printf %s\n
configure:6959: checking for archiver @FILE support
configure:6976: x86_64-apple-darwin13.4.0-clang -c -march=core2 -mtune=haswell -mssse3 -ftree-vectorize -fPIC -fPIE -fstack-protector-strong -O2 -pipe -D_FORTIFY_SOURCE=2 -mmacosx-version-min=10.9 conftest.c >&5
configure:6976: $? = 0
configure:6979: /Users/etotoni/pse-hpc/python/anaconda3/envs/PA/bin/x86_64-apple-darwin13.4.0-ar cru libconftest.a @conftest.lst >&5
x86_64-apple-darwin13.4.0-ar: @conftest.lst: No such file or directory
configure:6982: $? = 1
configure:7002: result: no
configure:7060: checking for strip
configure:7087: result: /Users/etotoni/pse-hpc/python/anaconda3/envs/PA/bin/x86_64-apple-darwin13.4.0-strip
configure:7159: checking for ranlib
configure:7186: result: /Users/etotoni/pse-hpc/python/anaconda3/envs/PA/bin/x86_64-apple-darwin13.4.0-ranlib
configure:7288: checking command to parse /Users/etotoni/pse-hpc/python/anaconda3/envs/PA/bin/x86_64-apple-darwin13.4.0-nm output from x86_64-apple-darwin13.4.0-clang object
configure:7441: x86_64-apple-darwin13.4.0-clang -c -march=core2 -mtune=haswell -mssse3 -ftree-vectorize -fPIC -fPIE -fstack-protector-strong -O2 -pipe -D_FORTIFY_SOURCE=2 -mmacosx-version-min=10.9 conftest.c >&5
configure:7444: $? = 0
configure:7448: /Users/etotoni/pse-hpc/python/anaconda3/envs/PA/bin/x86_64-apple-darwin13.4.0-nm conftest.o \| sed -n -e 's/^.*[ ]\([BCDEGRST][BCDEGRST]*\)[ ][ ]*\([_A-Za-z][_A-Za-z0-9]*\)$/\1 \2 \2/p' | sed '/ __gnu_lto/d' \> conftest.nm
configure:7451: $? = 0
cannot find nm_test_var in conftest.nm
configure:7441: x86_64-apple-darwin13.4.0-clang -c -march=core2 -mtune=haswell -mssse3 -ftree-vectorize -fPIC -fPIE -fstack-protector-strong -O2 -pipe -D_FORTIFY_SOURCE=2 -mmacosx-version-min=10.9 conftest.c >&5
configure:7444: $? = 0
configure:7448: /Users/etotoni/pse-hpc/python/anaconda3/envs/PA/bin/x86_64-apple-darwin13.4.0-nm conftest.o \| sed -n -e 's/^.*[ ]\([BCDEGRST][BCDEGRST]*\)[ ][ ]*_\([_A-Za-z][_A-Za-z0-9]*\)$/\1 _\2 \2/p' | sed '/ __gnu_lto/d' \> conftest.nm
configure:7451: $? = 0
configure:7517: x86_64-apple-darwin13.4.0-clang -o conftest -march=core2 -mtune=haswell -mssse3 -ftree-vectorize -fPIC -fPIE -fstack-protector-strong -O2 -pipe -D_FORTIFY_SOURCE=2 -mmacosx-version-min=10.9 -pie -headerpad_max_install_names conftest.c conftstm.o >&5
clang-4.0: warning: argument unused during compilation: '-pie' [-Wunused-command-line-argument]
configure:7520: $? = 0
configure:7558: result: ok
configure:7605: checking for sysroot
configure:7635: result: no
configure:7642: checking for a working dd
configure:7680: result: /bin/dd
configure:7684: checking how to truncate binary pipes
configure:7699: result: /bin/dd bs=4096 count=1
configure:8028: checking for mt
configure:8058: result: no
configure:8078: checking if : is a manifest tool
configure:8084: : '-?'
configure:8092: result: no
configure:8148: checking for dsymutil
configure:8164: found /usr/bin/dsymutil
configure:8175: result: dsymutil
configure:8240: checking for nmedit
configure:8267: result: /Users/etotoni/pse-hpc/python/anaconda3/envs/PA/bin/x86_64-apple-darwin13.4.0-nmedit
configure:8332: checking for lipo
configure:8359: result: /Users/etotoni/pse-hpc/python/anaconda3/envs/PA/bin/x86_64-apple-darwin13.4.0-lipo
configure:8424: checking for otool
configure:8451: result: /Users/etotoni/pse-hpc/python/anaconda3/envs/PA/bin/x86_64-apple-darwin13.4.0-otool
configure:8516: checking for otool64
configure:8546: result: no
configure:8591: checking for -single_module linker flag
x86_64-apple-darwin13.4.0-clang -march=core2 -mtune=haswell -mssse3 -ftree-vectorize -fPIC -fPIE -fstack-protector-strong -O2 -pipe -pie -headerpad_max_install_names -o libconftest.dylib -dynamiclib -Wl,-single_module conftest.c
configure:8624: result: yes
configure:8627: checking for -exported_symbols_list linker flag
configure:8647: x86_64-apple-darwin13.4.0-clang -o conftest -march=core2 -mtune=haswell -mssse3 -ftree-vectorize -fPIC -fPIE -fstack-protector-strong -O2 -pipe -D_FORTIFY_SOURCE=2 -mmacosx-version-min=10.9 -pie -headerpad_max_install_names -Wl,-exported_symbols_list,conftest.sym conftest.c  >&5
clang-4.0: warning: argument unused during compilation: '-pie' [-Wunused-command-line-argument]
configure:8647: $? = 0
configure:8657: result: yes
configure:8660: checking for -force_load linker flag
x86_64-apple-darwin13.4.0-clang -march=core2 -mtune=haswell -mssse3 -ftree-vectorize -fPIC -fPIE -fstack-protector-strong -O2 -pipe -c -o conftest.o conftest.c
/Users/etotoni/pse-hpc/python/anaconda3/envs/PA/bin/x86_64-apple-darwin13.4.0-ar cru libconftest.a conftest.o
/Users/etotoni/pse-hpc/python/anaconda3/envs/PA/bin/x86_64-apple-darwin13.4.0-ranlib libconftest.a
x86_64-apple-darwin13.4.0-clang -march=core2 -mtune=haswell -mssse3 -ftree-vectorize -fPIC -fPIE -fstack-protector-strong -O2 -pipe -pie -headerpad_max_install_names -o conftest conftest.c -Wl,-force_load,./libconftest.a
configure:8692: result: yes
configure:8769: checking how to run the C preprocessor
configure:8800: x86_64-apple-darwin13.4.0-clang -E -D_FORTIFY_SOURCE=2 -mmacosx-version-min=10.9 conftest.c
configure:8800: $? = 0
configure:8814: x86_64-apple-darwin13.4.0-clang -E -D_FORTIFY_SOURCE=2 -mmacosx-version-min=10.9 conftest.c
conftest.c:11:10: fatal error: 'ac_nonexistent.h' file not found
#include <ac_nonexistent.h>
         ^~~~~~~~~~~~~~~~~~
1 error generated.
configure:8814: $? = 1
configure: failed program was:
| /* confdefs.h */
| #define PACKAGE_NAME "hpat-parquet-reader"
| #define PACKAGE_TARNAME "hpat-parquet-reader"
| #define PACKAGE_VERSION "0.1"
| #define PACKAGE_STRING "hpat-parquet-reader 0.1"
| #define PACKAGE_BUGREPORT "ehsan.tn@gmail.com"
| #define PACKAGE_URL ""
| #define PACKAGE "hpat-parquet-reader"
| #define VERSION "0.1"
| /* end confdefs.h.  */
| #include <ac_nonexistent.h>
configure:8839: result: x86_64-apple-darwin13.4.0-clang -E
configure:8859: x86_64-apple-darwin13.4.0-clang -E -D_FORTIFY_SOURCE=2 -mmacosx-version-min=10.9 conftest.c
configure:8859: $? = 0
configure:8873: x86_64-apple-darwin13.4.0-clang -E -D_FORTIFY_SOURCE=2 -mmacosx-version-min=10.9 conftest.c
conftest.c:11:10: fatal error: 'ac_nonexistent.h' file not found
#include <ac_nonexistent.h>
         ^~~~~~~~~~~~~~~~~~
1 error generated.
configure:8873: $? = 1
configure: failed program was:
| /* confdefs.h */
| #define PACKAGE_NAME "hpat-parquet-reader"
| #define PACKAGE_TARNAME "hpat-parquet-reader"
| #define PACKAGE_VERSION "0.1"
| #define PACKAGE_STRING "hpat-parquet-reader 0.1"
| #define PACKAGE_BUGREPORT "ehsan.tn@gmail.com"
| #define PACKAGE_URL ""
| #define PACKAGE "hpat-parquet-reader"
| #define VERSION "0.1"
| /* end confdefs.h.  */
| #include <ac_nonexistent.h>
configure:8902: checking for ANSI C header files
configure:8922: x86_64-apple-darwin13.4.0-clang -c -march=core2 -mtune=haswell -mssse3 -ftree-vectorize -fPIC -fPIE -fstack-protector-strong -O2 -pipe -D_FORTIFY_SOURCE=2 -mmacosx-version-min=10.9 conftest.c >&5
configure:8922: $? = 0
configure:8995: x86_64-apple-darwin13.4.0-clang -o conftest -march=core2 -mtune=haswell -mssse3 -ftree-vectorize -fPIC -fPIE -fstack-protector-strong -O2 -pipe -D_FORTIFY_SOURCE=2 -mmacosx-version-min=10.9 -pie -headerpad_max_install_names conftest.c  >&5
clang-4.0: warning: argument unused during compilation: '-pie' [-Wunused-command-line-argument]
configure:8995: $? = 0
configure:8995: ./conftest
configure:8995: $? = 0
configure:9006: result: yes
configure:9019: checking for sys/types.h
configure:9019: x86_64-apple-darwin13.4.0-clang -c -march=core2 -mtune=haswell -mssse3 -ftree-vectorize -fPIC -fPIE -fstack-protector-strong -O2 -pipe -D_FORTIFY_SOURCE=2 -mmacosx-version-min=10.9 conftest.c >&5
configure:9019: $? = 0
configure:9019: result: yes
configure:9019: checking for sys/stat.h
configure:9019: x86_64-apple-darwin13.4.0-clang -c -march=core2 -mtune=haswell -mssse3 -ftree-vectorize -fPIC -fPIE -fstack-protector-strong -O2 -pipe -D_FORTIFY_SOURCE=2 -mmacosx-version-min=10.9 conftest.c >&5
configure:9019: $? = 0
configure:9019: result: yes
configure:9019: checking for stdlib.h
configure:9019: x86_64-apple-darwin13.4.0-clang -c -march=core2 -mtune=haswell -mssse3 -ftree-vectorize -fPIC -fPIE -fstack-protector-strong -O2 -pipe -D_FORTIFY_SOURCE=2 -mmacosx-version-min=10.9 conftest.c >&5
configure:9019: $? = 0
configure:9019: result: yes
configure:9019: checking for string.h
configure:9019: x86_64-apple-darwin13.4.0-clang -c -march=core2 -mtune=haswell -mssse3 -ftree-vectorize -fPIC -fPIE -fstack-protector-strong -O2 -pipe -D_FORTIFY_SOURCE=2 -mmacosx-version-min=10.9 conftest.c >&5
configure:9019: $? = 0
configure:9019: result: yes
configure:9019: checking for memory.h
configure:9019: x86_64-apple-darwin13.4.0-clang -c -march=core2 -mtune=haswell -mssse3 -ftree-vectorize -fPIC -fPIE -fstack-protector-strong -O2 -pipe -D_FORTIFY_SOURCE=2 -mmacosx-version-min=10.9 conftest.c >&5
configure:9019: $? = 0
configure:9019: result: yes
configure:9019: checking for strings.h
configure:9019: x86_64-apple-darwin13.4.0-clang -c -march=core2 -mtune=haswell -mssse3 -ftree-vectorize -fPIC -fPIE -fstack-protector-strong -O2 -pipe -D_FORTIFY_SOURCE=2 -mmacosx-version-min=10.9 conftest.c >&5
configure:9019: $? = 0
configure:9019: result: yes
configure:9019: checking for inttypes.h
configure:9019: x86_64-apple-darwin13.4.0-clang -c -march=core2 -mtune=haswell -mssse3 -ftree-vectorize -fPIC -fPIE -fstack-protector-strong -O2 -pipe -D_FORTIFY_SOURCE=2 -mmacosx-version-min=10.9 conftest.c >&5
configure:9019: $? = 0
configure:9019: result: yes
configure:9019: checking for stdint.h
configure:9019: x86_64-apple-darwin13.4.0-clang -c -march=core2 -mtune=haswell -mssse3 -ftree-vectorize -fPIC -fPIE -fstack-protector-strong -O2 -pipe -D_FORTIFY_SOURCE=2 -mmacosx-version-min=10.9 conftest.c >&5
configure:9019: $? = 0
configure:9019: result: yes
configure:9019: checking for unistd.h
configure:9019: x86_64-apple-darwin13.4.0-clang -c -march=core2 -mtune=haswell -mssse3 -ftree-vectorize -fPIC -fPIE -fstack-protector-strong -O2 -pipe -D_FORTIFY_SOURCE=2 -mmacosx-version-min=10.9 conftest.c >&5
configure:9019: $? = 0
configure:9019: result: yes
configure:9033: checking for dlfcn.h
configure:9033: x86_64-apple-darwin13.4.0-clang -c -march=core2 -mtune=haswell -mssse3 -ftree-vectorize -fPIC -fPIE -fstack-protector-strong -O2 -pipe -D_FORTIFY_SOURCE=2 -mmacosx-version-min=10.9 conftest.c >&5
configure:9033: $? = 0
configure:9033: result: yes
configure:9289: checking for objdir
configure:9304: result: .libs
configure:9564: checking if x86_64-apple-darwin13.4.0-clang supports -fno-rtti -fno-exceptions
configure:9582: x86_64-apple-darwin13.4.0-clang -c -march=core2 -mtune=haswell -mssse3 -ftree-vectorize -fPIC -fPIE -fstack-protector-strong -O2 -pipe -D_FORTIFY_SOURCE=2 -mmacosx-version-min=10.9 -fno-rtti -fno-exceptions conftest.c >&5
configure:9586: $? = 0
configure:9599: result: yes
configure:9957: checking for x86_64-apple-darwin13.4.0-clang option to produce PIC
configure:9964: result: -fno-common -DPIC
configure:9972: checking if x86_64-apple-darwin13.4.0-clang PIC flag -fno-common -DPIC works
configure:9990: x86_64-apple-darwin13.4.0-clang -c -march=core2 -mtune=haswell -mssse3 -ftree-vectorize -fPIC -fPIE -fstack-protector-strong -O2 -pipe -D_FORTIFY_SOURCE=2 -mmacosx-version-min=10.9 -fno-common -DPIC -DPIC conftest.c >&5
configure:9994: $? = 0
configure:10007: result: yes
configure:10036: checking if x86_64-apple-darwin13.4.0-clang static flag -static works
configure:10064: result: no
configure:10079: checking if x86_64-apple-darwin13.4.0-clang supports -c -o file.o
configure:10100: x86_64-apple-darwin13.4.0-clang -c -march=core2 -mtune=haswell -mssse3 -ftree-vectorize -fPIC -fPIE -fstack-protector-strong -O2 -pipe -D_FORTIFY_SOURCE=2 -mmacosx-version-min=10.9 -o out/conftest2.o conftest.c >&5
configure:10104: $? = 0
configure:10126: result: yes
configure:10134: checking if x86_64-apple-darwin13.4.0-clang supports -c -o file.o
configure:10181: result: yes
configure:10214: checking whether the x86_64-apple-darwin13.4.0-clang linker (/Users/etotoni/pse-hpc/python/anaconda3/envs/PA/bin/x86_64-apple-darwin13.4.0-ld) supports shared libraries
configure:11473: result: yes
configure:11713: checking dynamic linker characteristics
configure:12531: result: darwin17.3.0 dyld
configure:12653: checking how to hardcode library paths into programs
configure:12678: result: immediate
configure:13226: checking whether stripping libraries is possible
configure:13240: result: yes
configure:13266: checking if libtool supports shared libraries
configure:13268: result: yes
configure:13271: checking whether to build shared libraries
configure:13296: result: yes
configure:13299: checking whether to build static libraries
configure:13303: result: yes
configure:13453: checking for C++ compiler version
configure:13462: x86_64-apple-darwin13.4.0-clang++ --version >&5
clang version 4.0.1 (tags/RELEASE_401/final)
Target: x86_64-apple-darwin13.4.0
Thread model: posix
InstalledDir: /Users/etotoni/pse-hpc/python/anaconda3/envs/PA/bin
configure:13473: $? = 0
configure:13462: x86_64-apple-darwin13.4.0-clang++ -v >&5
clang version 4.0.1 (tags/RELEASE_401/final)
Target: x86_64-apple-darwin13.4.0
Thread model: posix
InstalledDir: /Users/etotoni/pse-hpc/python/anaconda3/envs/PA/bin
configure:13473: $? = 0
configure:13462: x86_64-apple-darwin13.4.0-clang++ -V >&5
clang-4.0: error: argument to '-V' is missing (expected 1 value)
clang-4.0: error: no input files
configure:13473: $? = 1
configure:13462: x86_64-apple-darwin13.4.0-clang++ -qversion >&5
clang-4.0: error: unknown argument: '-qversion'
clang-4.0: error: no input files
configure:13473: $? = 1
configure:13477: checking whether we are using the GNU C++ compiler
configure:13496: x86_64-apple-darwin13.4.0-clang++ -c -march=core2 -mtune=haswell -mssse3 -ftree-vectorize -fPIC -fPIE -fstack-protector-strong -O2 -pipe -stdlib=libc++ -fvisibility-inlines-hidden -std=c++14 -fmessage-length=0 -D_FORTIFY_SOURCE=2 -mmacosx-version-min=10.9 conftest.cpp >&5
configure:13496: $? = 0
configure:13505: result: yes
configure:13514: checking whether x86_64-apple-darwin13.4.0-clang++ accepts -g
configure:13534: x86_64-apple-darwin13.4.0-clang++ -c -g -D_FORTIFY_SOURCE=2 -mmacosx-version-min=10.9 conftest.cpp >&5
configure:13534: $? = 0
configure:13575: result: yes
configure:13600: checking dependency style of x86_64-apple-darwin13.4.0-clang++
configure:13711: result: gcc3
configure:13744: checking how to run the C++ preprocessor
configure:13771: x86_64-apple-darwin13.4.0-clang++ -E -D_FORTIFY_SOURCE=2 -mmacosx-version-min=10.9 conftest.cpp
configure:13771: $? = 0
configure:13785: x86_64-apple-darwin13.4.0-clang++ -E -D_FORTIFY_SOURCE=2 -mmacosx-version-min=10.9 conftest.cpp
conftest.cpp:23:10: fatal error: 'ac_nonexistent.h' file not found
#include <ac_nonexistent.h>
         ^~~~~~~~~~~~~~~~~~
1 error generated.
configure:13785: $? = 1
configure: failed program was:
| /* confdefs.h */
| #define PACKAGE_NAME "hpat-parquet-reader"
| #define PACKAGE_TARNAME "hpat-parquet-reader"
| #define PACKAGE_VERSION "0.1"
| #define PACKAGE_STRING "hpat-parquet-reader 0.1"
| #define PACKAGE_BUGREPORT "ehsan.tn@gmail.com"
| #define PACKAGE_URL ""
| #define PACKAGE "hpat-parquet-reader"
| #define VERSION "0.1"
| #define STDC_HEADERS 1
| #define HAVE_SYS_TYPES_H 1
| #define HAVE_SYS_STAT_H 1
| #define HAVE_STDLIB_H 1
| #define HAVE_STRING_H 1
| #define HAVE_MEMORY_H 1
| #define HAVE_STRINGS_H 1
| #define HAVE_INTTYPES_H 1
| #define HAVE_STDINT_H 1
| #define HAVE_UNISTD_H 1
| #define HAVE_DLFCN_H 1
| #define LT_OBJDIR ".libs/"
| /* end confdefs.h.  */
| #include <ac_nonexistent.h>
configure:13810: result: x86_64-apple-darwin13.4.0-clang++ -E
configure:13830: x86_64-apple-darwin13.4.0-clang++ -E -D_FORTIFY_SOURCE=2 -mmacosx-version-min=10.9 conftest.cpp
configure:13830: $? = 0
configure:13844: x86_64-apple-darwin13.4.0-clang++ -E -D_FORTIFY_SOURCE=2 -mmacosx-version-min=10.9 conftest.cpp
conftest.cpp:23:10: fatal error: 'ac_nonexistent.h' file not found
#include <ac_nonexistent.h>
         ^~~~~~~~~~~~~~~~~~
1 error generated.
configure:13844: $? = 1
configure: failed program was:
| /* confdefs.h */
| #define PACKAGE_NAME "hpat-parquet-reader"
| #define PACKAGE_TARNAME "hpat-parquet-reader"
| #define PACKAGE_VERSION "0.1"
| #define PACKAGE_STRING "hpat-parquet-reader 0.1"
| #define PACKAGE_BUGREPORT "ehsan.tn@gmail.com"
| #define PACKAGE_URL ""
| #define PACKAGE "hpat-parquet-reader"
| #define VERSION "0.1"
| #define STDC_HEADERS 1
| #define HAVE_SYS_TYPES_H 1
| #define HAVE_SYS_STAT_H 1
| #define HAVE_STDLIB_H 1
| #define HAVE_STRING_H 1
| #define HAVE_MEMORY_H 1
| #define HAVE_STRINGS_H 1
| #define HAVE_INTTYPES_H 1
| #define HAVE_STDINT_H 1
| #define HAVE_UNISTD_H 1
| #define HAVE_DLFCN_H 1
| #define LT_OBJDIR ".libs/"
| /* end confdefs.h.  */
| #include <ac_nonexistent.h>
configure:14006: checking for ld used by x86_64-apple-darwin13.4.0-clang++
configure:14073: result: /Users/etotoni/pse-hpc/python/anaconda3/envs/PA/bin/x86_64-apple-darwin13.4.0-ld
configure:14080: checking if the linker (/Users/etotoni/pse-hpc/python/anaconda3/envs/PA/bin/x86_64-apple-darwin13.4.0-ld) is GNU ld
configure:14095: result: no
configure:14150: checking whether the x86_64-apple-darwin13.4.0-clang++ linker (/Users/etotoni/pse-hpc/python/anaconda3/envs/PA/bin/x86_64-apple-darwin13.4.0-ld) supports shared libraries
configure:15223: result: yes
configure:15259: x86_64-apple-darwin13.4.0-clang++ -c -march=core2 -mtune=haswell -mssse3 -ftree-vectorize -fPIC -fPIE -fstack-protector-strong -O2 -pipe -stdlib=libc++ -fvisibility-inlines-hidden -std=c++14 -fmessage-length=0 -D_FORTIFY_SOURCE=2 -mmacosx-version-min=10.9 conftest.cpp >&5
configure:15262: $? = 0
configure:15743: checking for x86_64-apple-darwin13.4.0-clang++ option to produce PIC
configure:15750: result: -fno-common -DPIC
configure:15758: checking if x86_64-apple-darwin13.4.0-clang++ PIC flag -fno-common -DPIC works
configure:15776: x86_64-apple-darwin13.4.0-clang++ -c -march=core2 -mtune=haswell -mssse3 -ftree-vectorize -fPIC -fPIE -fstack-protector-strong -O2 -pipe -stdlib=libc++ -fvisibility-inlines-hidden -std=c++14 -fmessage-length=0 -D_FORTIFY_SOURCE=2 -mmacosx-version-min=10.9 -fno-common -DPIC -DPIC conftest.cpp >&5
configure:15780: $? = 0
configure:15793: result: yes
configure:15816: checking if x86_64-apple-darwin13.4.0-clang++ static flag -static works
configure:15844: result: no
configure:15856: checking if x86_64-apple-darwin13.4.0-clang++ supports -c -o file.o
configure:15877: x86_64-apple-darwin13.4.0-clang++ -c -march=core2 -mtune=haswell -mssse3 -ftree-vectorize -fPIC -fPIE -fstack-protector-strong -O2 -pipe -stdlib=libc++ -fvisibility-inlines-hidden -std=c++14 -fmessage-length=0 -D_FORTIFY_SOURCE=2 -mmacosx-version-min=10.9 -o out/conftest2.o conftest.cpp >&5
configure:15881: $? = 0
configure:15903: result: yes
configure:15908: checking if x86_64-apple-darwin13.4.0-clang++ supports -c -o file.o
configure:15955: result: yes
configure:15985: checking whether the x86_64-apple-darwin13.4.0-clang++ linker (/Users/etotoni/pse-hpc/python/anaconda3/envs/PA/bin/x86_64-apple-darwin13.4.0-ld) supports shared libraries
configure:16025: result: yes
configure:16166: checking dynamic linker characteristics
configure:16911: result: darwin17.3.0 dyld
configure:16976: checking how to hardcode library paths into programs
configure:17001: result: immediate
configure:17047: checking for stdbool.h that conforms to C99
configure:17114: x86_64-apple-darwin13.4.0-clang -c -march=core2 -mtune=haswell -mssse3 -ftree-vectorize -fPIC -fPIE -fstack-protector-strong -O2 -pipe -D_FORTIFY_SOURCE=2 -mmacosx-version-min=10.9 conftest.c >&5
conftest.c:72:24: warning: address of 's' will always evaluate to 'true' [-Wpointer-bool-conversion]
             bool e = &s;
                  ~    ^
conftest.c:76:23: warning: address of array 'a' will always evaluate to 'true' [-Wpointer-bool-conversion]
             return (!a + !b + !c + !d + !e + !f + !g + !h + !i + !!j + !k + !!l
                     ~^
conftest.c:76:28: warning: address of array 'b' will always evaluate to 'true' [-Wpointer-bool-conversion]
             return (!a + !b + !c + !d + !e + !f + !g + !h + !i + !!j + !k + !!l
                          ~^
conftest.c:76:33: warning: address of array 'c' will always evaluate to 'true' [-Wpointer-bool-conversion]
             return (!a + !b + !c + !d + !e + !f + !g + !h + !i + !!j + !k + !!l
                               ~^
conftest.c:76:38: warning: address of array 'd' will always evaluate to 'true' [-Wpointer-bool-conversion]
             return (!a + !b + !c + !d + !e + !f + !g + !h + !i + !!j + !k + !!l
                                    ~^
conftest.c:76:48: warning: address of array 'f' will always evaluate to 'true' [-Wpointer-bool-conversion]
             return (!a + !b + !c + !d + !e + !f + !g + !h + !i + !!j + !k + !!l
                                              ~^
conftest.c:76:53: warning: address of array 'g' will always evaluate to 'true' [-Wpointer-bool-conversion]
             return (!a + !b + !c + !d + !e + !f + !g + !h + !i + !!j + !k + !!l
                                                   ~^
conftest.c:76:58: warning: address of array 'h' will always evaluate to 'true' [-Wpointer-bool-conversion]
             return (!a + !b + !c + !d + !e + !f + !g + !h + !i + !!j + !k + !!l
                                                        ~^
conftest.c:76:63: warning: address of array 'i' will always evaluate to 'true' [-Wpointer-bool-conversion]
             return (!a + !b + !c + !d + !e + !f + !g + !h + !i + !!j + !k + !!l
                                                             ~^
conftest.c:77:30: warning: address of array 'n' will always evaluate to 'true' [-Wpointer-bool-conversion]
                            ~^
conftest.c:77:35: warning: address of array 'o' will always evaluate to 'true' [-Wpointer-bool-conversion]
                                 ~^
conftest.c:77:40: warning: address of array 'p' will always evaluate to 'true' [-Wpointer-bool-conversion]
                                      ~^
12 warnings generated.
configure:17114: $? = 0
configure:17121: result: yes
configure:17123: checking for _Bool
configure:17123: x86_64-apple-darwin13.4.0-clang -c -march=core2 -mtune=haswell -mssse3 -ftree-vectorize -fPIC -fPIE -fstack-protector-strong -O2 -pipe -D_FORTIFY_SOURCE=2 -mmacosx-version-min=10.9 conftest.c >&5
configure:17123: $? = 0
configure:17123: x86_64-apple-darwin13.4.0-clang -c -march=core2 -mtune=haswell -mssse3 -ftree-vectorize -fPIC -fPIE -fstack-protector-strong -O2 -pipe -D_FORTIFY_SOURCE=2 -mmacosx-version-min=10.9 conftest.c >&5
conftest.c:59:20: error: expected expression
if (sizeof ((_Bool)))
                   ^
1 error generated.
configure:17123: $? = 1
configure: failed program was:
| /* confdefs.h */
| #define PACKAGE_NAME "hpat-parquet-reader"
| #define PACKAGE_TARNAME "hpat-parquet-reader"
| #define PACKAGE_VERSION "0.1"
| #define PACKAGE_STRING "hpat-parquet-reader 0.1"
| #define PACKAGE_BUGREPORT "ehsan.tn@gmail.com"
| #define PACKAGE_URL ""
| #define PACKAGE "hpat-parquet-reader"
| #define VERSION "0.1"
| #define STDC_HEADERS 1
| #define HAVE_SYS_TYPES_H 1
| #define HAVE_SYS_STAT_H 1
| #define HAVE_STDLIB_H 1
| #define HAVE_STRING_H 1
| #define HAVE_MEMORY_H 1
| #define HAVE_STRINGS_H 1
| #define HAVE_INTTYPES_H 1
| #define HAVE_STDINT_H 1
| #define HAVE_UNISTD_H 1
| #define HAVE_DLFCN_H 1
| #define LT_OBJDIR ".libs/"
| /* end confdefs.h.  */
| #include <stdio.h>
| #ifdef HAVE_SYS_TYPES_H
| # include <sys/types.h>
| #endif
| #ifdef HAVE_SYS_STAT_H
| # include <sys/stat.h>
| #endif
| #ifdef STDC_HEADERS
| # include <stdlib.h>
| # include <stddef.h>
| #else
| # ifdef HAVE_STDLIB_H
| #  include <stdlib.h>
| # endif
| #endif
| #ifdef HAVE_STRING_H
| # if !defined STDC_HEADERS && defined HAVE_MEMORY_H
| #  include <memory.h>
| # endif
| # include <string.h>
| #endif
| #ifdef HAVE_STRINGS_H
| # include <strings.h>
| #endif
| #ifdef HAVE_INTTYPES_H
| # include <inttypes.h>
| #endif
| #ifdef HAVE_STDINT_H
| # include <stdint.h>
| #endif
| #ifdef HAVE_UNISTD_H
| # include <unistd.h>
| #endif
| int
| main ()
| {
| if (sizeof ((_Bool)))
| 	    return 0;
|   ;
|   return 0;
| }
configure:17123: result: yes
configure:17134: checking for inline
configure:17150: x86_64-apple-darwin13.4.0-clang -c -march=core2 -mtune=haswell -mssse3 -ftree-vectorize -fPIC -fPIE -fstack-protector-strong -O2 -pipe -D_FORTIFY_SOURCE=2 -mmacosx-version-min=10.9 conftest.c >&5
configure:17150: $? = 0
configure:17158: result: inline
configure:17176: checking for int64_t
configure:17176: x86_64-apple-darwin13.4.0-clang -c -march=core2 -mtune=haswell -mssse3 -ftree-vectorize -fPIC -fPIE -fstack-protector-strong -O2 -pipe -D_FORTIFY_SOURCE=2 -mmacosx-version-min=10.9 conftest.c >&5
configure:17176: $? = 0
configure:17176: x86_64-apple-darwin13.4.0-clang -c -march=core2 -mtune=haswell -mssse3 -ftree-vectorize -fPIC -fPIE -fstack-protector-strong -O2 -pipe -D_FORTIFY_SOURCE=2 -mmacosx-version-min=10.9 conftest.c >&5
conftest.c:61:24: error: 'test_array' declared as an array with a negative size
static int test_array [1 - 2 * !((int64_t) (((((int64_t) 1 << N) << N) - 1) * 2 + 1)
                       ^~~~~~~~~~~~~~~~~~~~~~~~~~~~~~~~~~~~~~~~~~~~~~~~~~~~~~~~~~~~~
1 error generated.
configure:17176: $? = 1
configure: failed program was:
| /* confdefs.h */
| #define PACKAGE_NAME "hpat-parquet-reader"
| #define PACKAGE_TARNAME "hpat-parquet-reader"
| #define PACKAGE_VERSION "0.1"
| #define PACKAGE_STRING "hpat-parquet-reader 0.1"
| #define PACKAGE_BUGREPORT "ehsan.tn@gmail.com"
| #define PACKAGE_URL ""
| #define PACKAGE "hpat-parquet-reader"
| #define VERSION "0.1"
| #define STDC_HEADERS 1
| #define HAVE_SYS_TYPES_H 1
| #define HAVE_SYS_STAT_H 1
| #define HAVE_STDLIB_H 1
| #define HAVE_STRING_H 1
| #define HAVE_MEMORY_H 1
| #define HAVE_STRINGS_H 1
| #define HAVE_INTTYPES_H 1
| #define HAVE_STDINT_H 1
| #define HAVE_UNISTD_H 1
| #define HAVE_DLFCN_H 1
| #define LT_OBJDIR ".libs/"
| #define HAVE__BOOL 1
| /* end confdefs.h.  */
| #include <stdio.h>
| #ifdef HAVE_SYS_TYPES_H
| # include <sys/types.h>
| #endif
| #ifdef HAVE_SYS_STAT_H
| # include <sys/stat.h>
| #endif
| #ifdef STDC_HEADERS
| # include <stdlib.h>
| # include <stddef.h>
| #else
| # ifdef HAVE_STDLIB_H
| #  include <stdlib.h>
| # endif
| #endif
| #ifdef HAVE_STRING_H
| # if !defined STDC_HEADERS && defined HAVE_MEMORY_H
| #  include <memory.h>
| # endif
| # include <string.h>
| #endif
| #ifdef HAVE_STRINGS_H
| # include <strings.h>
| #endif
| #ifdef HAVE_INTTYPES_H
| # include <inttypes.h>
| #endif
| #ifdef HAVE_STDINT_H
| # include <stdint.h>
| #endif
| #ifdef HAVE_UNISTD_H
| # include <unistd.h>
| #endif
| 	        enum { N = 64 / 2 - 1 };
| int
| main ()
| {
| static int test_array [1 - 2 * !((int64_t) (((((int64_t) 1 << N) << N) - 1) * 2 + 1)
| 		 < (int64_t) (((((int64_t) 1 << N) << N) - 1) * 2 + 2))];
| test_array [0] = 0;
| return test_array [0];
| 
|   ;
|   return 0;
| }
configure:17176: result: yes
configure:17187: checking for uint32_t
configure:17187: x86_64-apple-darwin13.4.0-clang -c -march=core2 -mtune=haswell -mssse3 -ftree-vectorize -fPIC -fPIE -fstack-protector-strong -O2 -pipe -D_FORTIFY_SOURCE=2 -mmacosx-version-min=10.9 conftest.c >&5
configure:17187: $? = 0
configure:17187: result: yes
configure:17201: checking for uint8_t
configure:17201: x86_64-apple-darwin13.4.0-clang -c -march=core2 -mtune=haswell -mssse3 -ftree-vectorize -fPIC -fPIE -fstack-protector-strong -O2 -pipe -D_FORTIFY_SOURCE=2 -mmacosx-version-min=10.9 conftest.c >&5
configure:17201: $? = 0
configure:17201: result: yes
configure:17327: checking that generated files are newer than configure
configure:17333: result: done
configure:17360: creating ./config.status

## ---------------------- ##
## Running config.status. ##
## ---------------------- ##

This file was extended by hpat-parquet-reader config.status 0.1, which was
generated by GNU Autoconf 2.69.  Invocation command line was

  CONFIG_FILES    = 
  CONFIG_HEADERS  = 
  CONFIG_LINKS    = 
  CONFIG_COMMANDS = 
  $ ./config.status 

on etotoni-mac03.local

config.status:1146: creating Makefile
config.status:1146: creating src/Makefile
config.status:1146: creating config.h
config.status:1375: executing depfiles commands
config.status:1375: executing libtool commands

## ---------------- ##
## Cache variables. ##
## ---------------- ##

ac_cv_build=x86_64-apple-darwin17.3.0
ac_cv_c_compiler_gnu=yes
ac_cv_c_inline=inline
ac_cv_c_int64_t=yes
ac_cv_c_uint32_t=yes
ac_cv_c_uint8_t=yes
ac_cv_cxx_compiler_gnu=yes
ac_cv_env_CCC_set=
ac_cv_env_CCC_value=
ac_cv_env_CC_set=set
ac_cv_env_CC_value=x86_64-apple-darwin13.4.0-clang
ac_cv_env_CFLAGS_set=set
ac_cv_env_CFLAGS_value='-march=core2 -mtune=haswell -mssse3 -ftree-vectorize -fPIC -fPIE -fstack-protector-strong -O2 -pipe'
ac_cv_env_CPPFLAGS_set=set
ac_cv_env_CPPFLAGS_value='-D_FORTIFY_SOURCE=2 -mmacosx-version-min=10.9'
ac_cv_env_CPP_set=
ac_cv_env_CPP_value=
ac_cv_env_CXXCPP_set=
ac_cv_env_CXXCPP_value=
ac_cv_env_CXXFLAGS_set=set
ac_cv_env_CXXFLAGS_value='-march=core2 -mtune=haswell -mssse3 -ftree-vectorize -fPIC -fPIE -fstack-protector-strong -O2 -pipe -stdlib=libc++ -fvisibility-inlines-hidden -std=c++14 -fmessage-length=0'
ac_cv_env_CXX_set=set
ac_cv_env_CXX_value=x86_64-apple-darwin13.4.0-clang++
ac_cv_env_LDFLAGS_set=set
ac_cv_env_LDFLAGS_value='-pie -headerpad_max_install_names'
ac_cv_env_LIBS_set=
ac_cv_env_LIBS_value=
ac_cv_env_LT_SYS_LIBRARY_PATH_set=
ac_cv_env_LT_SYS_LIBRARY_PATH_value=
ac_cv_env_build_alias_set=
ac_cv_env_build_alias_value=
ac_cv_env_host_alias_set=
ac_cv_env_host_alias_value=
ac_cv_env_target_alias_set=
ac_cv_env_target_alias_value=
ac_cv_header_dlfcn_h=yes
ac_cv_header_inttypes_h=yes
ac_cv_header_memory_h=yes
ac_cv_header_stdbool_h=yes
ac_cv_header_stdc=yes
ac_cv_header_stdint_h=yes
ac_cv_header_stdlib_h=yes
ac_cv_header_string_h=yes
ac_cv_header_strings_h=yes
ac_cv_header_sys_stat_h=yes
ac_cv_header_sys_types_h=yes
ac_cv_header_unistd_h=yes
ac_cv_host=x86_64-apple-darwin17.3.0
ac_cv_objext=o
ac_cv_path_EGREP='/usr/bin/grep -E'
ac_cv_path_FGREP='/usr/bin/grep -F'
ac_cv_path_GREP=/usr/bin/grep
ac_cv_path_SED=/usr/local/bin/gsed
ac_cv_path_install='/usr/bin/install -c'
ac_cv_path_lt_DD=/bin/dd
ac_cv_prog_AWK=gawk
ac_cv_prog_CPP='x86_64-apple-darwin13.4.0-clang -E'
ac_cv_prog_CXXCPP='x86_64-apple-darwin13.4.0-clang++ -E'
ac_cv_prog_ac_ct_CC=x86_64-apple-darwin13.4.0-clang
ac_cv_prog_ac_ct_DSYMUTIL=dsymutil
ac_cv_prog_ac_ct_LIPO=/Users/etotoni/pse-hpc/python/anaconda3/envs/PA/bin/x86_64-apple-darwin13.4.0-lipo
ac_cv_prog_ac_ct_NMEDIT=/Users/etotoni/pse-hpc/python/anaconda3/envs/PA/bin/x86_64-apple-darwin13.4.0-nmedit
ac_cv_prog_ac_ct_OBJDUMP=objdump
ac_cv_prog_ac_ct_OTOOL=/Users/etotoni/pse-hpc/python/anaconda3/envs/PA/bin/x86_64-apple-darwin13.4.0-otool
ac_cv_prog_ac_ct_RANLIB=/Users/etotoni/pse-hpc/python/anaconda3/envs/PA/bin/x86_64-apple-darwin13.4.0-ranlib
ac_cv_prog_ac_ct_STRIP=/Users/etotoni/pse-hpc/python/anaconda3/envs/PA/bin/x86_64-apple-darwin13.4.0-strip
ac_cv_prog_cc_c89=
ac_cv_prog_cc_g=yes
ac_cv_prog_cxx_g=yes
ac_cv_prog_make_make_set=yes
ac_cv_type__Bool=yes
am_cv_CC_dependencies_compiler_type=gcc3
am_cv_CXX_dependencies_compiler_type=gcc3
am_cv_make_support_nested_variables=yes
am_cv_prog_cc_c_o=yes
lt_cv_apple_cc_single_mod=yes
lt_cv_ar_at_file=no
lt_cv_deplibs_check_method=pass_all
lt_cv_file_magic_cmd='$MAGIC_CMD'
lt_cv_file_magic_test_file=
lt_cv_ld_exported_symbols_list=yes
lt_cv_ld_force_load=yes
lt_cv_ld_reload_flag=-r
lt_cv_nm_interface='BSD nm'
lt_cv_objdir=.libs
lt_cv_path_LD=/Users/etotoni/pse-hpc/python/anaconda3/envs/PA/bin/x86_64-apple-darwin13.4.0-ld
lt_cv_path_LDCXX=/Users/etotoni/pse-hpc/python/anaconda3/envs/PA/bin/x86_64-apple-darwin13.4.0-ld
lt_cv_path_NM=/Users/etotoni/pse-hpc/python/anaconda3/envs/PA/bin/x86_64-apple-darwin13.4.0-nm
lt_cv_path_mainfest_tool=no
lt_cv_prog_compiler_c_o=yes
lt_cv_prog_compiler_c_o_CXX=yes
lt_cv_prog_compiler_pic='-fno-common -DPIC'
lt_cv_prog_compiler_pic_CXX='-fno-common -DPIC'
lt_cv_prog_compiler_pic_works=yes
lt_cv_prog_compiler_pic_works_CXX=yes
lt_cv_prog_compiler_rtti_exceptions=yes
lt_cv_prog_compiler_static_works=no
lt_cv_prog_compiler_static_works_CXX=no
lt_cv_prog_gnu_ld=no
lt_cv_prog_gnu_ldcxx=no
lt_cv_sharedlib_from_linklib_cmd='printf %s\n'
lt_cv_sys_global_symbol_pipe='sed -n -e '\''s/^.*[	 ]\([BCDEGRST][BCDEGRST]*\)[	 ][	 ]*_\([_A-Za-z][_A-Za-z0-9]*\)$/\1 _\2 \2/p'\'' | sed '\''/ __gnu_lto/d'\'''
lt_cv_sys_global_symbol_to_c_name_address='sed -n -e '\''s/^: \(.*\) .*$/  {"\1", (void *) 0},/p'\'' -e '\''s/^[BCDEGRST][BCDEGRST]* .* \(.*\)$/  {"\1", (void *) \&\1},/p'\'''
lt_cv_sys_global_symbol_to_c_name_address_lib_prefix='sed -n -e '\''s/^: \(.*\) .*$/  {"\1", (void *) 0},/p'\'' -e '\''s/^[BCDEGRST][BCDEGRST]* .* \(lib.*\)$/  {"\1", (void *) \&\1},/p'\'' -e '\''s/^[BCDEGRST][BCDEGRST]* .* \(.*\)$/  {"lib\1", (void *) \&\1},/p'\'''
lt_cv_sys_global_symbol_to_cdecl='sed -n -e '\''s/^T .* \(.*\)$/extern int \1();/p'\'' -e '\''s/^[BCDEGRST][BCDEGRST]* .* \(.*\)$/extern char \1;/p'\'''
lt_cv_sys_global_symbol_to_import=
lt_cv_sys_max_cmd_len=196608
lt_cv_to_host_file_cmd=func_convert_file_noop
lt_cv_to_tool_file_cmd=func_convert_file_noop
lt_cv_truncate_bin='/bin/dd bs=4096 count=1'

## ----------------- ##
## Output variables. ##
## ----------------- ##

ACLOCAL='${SHELL} /Users/etotoni/pse-hpc/python/hpat/parquet_reader/missing aclocal-1.15'
AMDEPBACKSLASH='\'
AMDEP_FALSE='#'
AMDEP_TRUE=''
AMTAR='$${TAR-tar}'
AM_BACKSLASH='\'
AM_DEFAULT_V='$(AM_DEFAULT_VERBOSITY)'
AM_DEFAULT_VERBOSITY='1'
AM_V='$(V)'
AR='/Users/etotoni/pse-hpc/python/anaconda3/envs/PA/bin/x86_64-apple-darwin13.4.0-ar'
AUTOCONF='${SHELL} /Users/etotoni/pse-hpc/python/hpat/parquet_reader/missing autoconf'
AUTOHEADER='${SHELL} /Users/etotoni/pse-hpc/python/hpat/parquet_reader/missing autoheader'
AUTOMAKE='${SHELL} /Users/etotoni/pse-hpc/python/hpat/parquet_reader/missing automake-1.15'
AWK='gawk'
CC='x86_64-apple-darwin13.4.0-clang'
CCDEPMODE='depmode=gcc3'
CFLAGS='-march=core2 -mtune=haswell -mssse3 -ftree-vectorize -fPIC -fPIE -fstack-protector-strong -O2 -pipe'
CPP='x86_64-apple-darwin13.4.0-clang -E'
CPPFLAGS='-D_FORTIFY_SOURCE=2 -mmacosx-version-min=10.9'
CXX='x86_64-apple-darwin13.4.0-clang++'
CXXCPP='x86_64-apple-darwin13.4.0-clang++ -E'
CXXDEPMODE='depmode=gcc3'
CXXFLAGS='-march=core2 -mtune=haswell -mssse3 -ftree-vectorize -fPIC -fPIE -fstack-protector-strong -O2 -pipe -stdlib=libc++ -fvisibility-inlines-hidden -std=c++14 -fmessage-length=0'
CYGPATH_W='echo'
DEFS='-DHAVE_CONFIG_H'
DEPDIR='.deps'
DLLTOOL='false'
DSYMUTIL='dsymutil'
DUMPBIN=''
ECHO_C='\c'
ECHO_N=''
ECHO_T=''
EGREP='/usr/bin/grep -E'
EXEEXT=''
FGREP='/usr/bin/grep -F'
GREP='/usr/bin/grep'
INSTALL_DATA='${INSTALL} -m 644'
INSTALL_PROGRAM='${INSTALL}'
INSTALL_SCRIPT='${INSTALL}'
INSTALL_STRIP_PROGRAM='$(install_sh) -c -s'
LD='/Users/etotoni/pse-hpc/python/anaconda3/envs/PA/bin/x86_64-apple-darwin13.4.0-ld'
LDFLAGS='-pie -headerpad_max_install_names'
LIBOBJS=''
LIBS=''
LIBTOOL='$(SHELL) $(top_builddir)/libtool'
LIPO='/Users/etotoni/pse-hpc/python/anaconda3/envs/PA/bin/x86_64-apple-darwin13.4.0-lipo'
LN_S='ln -s'
LTLIBOBJS=''
LT_SYS_LIBRARY_PATH=''
MAKEINFO='${SHELL} /Users/etotoni/pse-hpc/python/hpat/parquet_reader/missing makeinfo'
MANIFEST_TOOL=':'
MKDIR_P='./install-sh -c -d'
NM='/Users/etotoni/pse-hpc/python/anaconda3/envs/PA/bin/x86_64-apple-darwin13.4.0-nm'
NMEDIT='/Users/etotoni/pse-hpc/python/anaconda3/envs/PA/bin/x86_64-apple-darwin13.4.0-nmedit'
OBJDUMP='objdump'
OBJEXT='o'
OTOOL64=':'
OTOOL='/Users/etotoni/pse-hpc/python/anaconda3/envs/PA/bin/x86_64-apple-darwin13.4.0-otool'
PACKAGE='hpat-parquet-reader'
PACKAGE_BUGREPORT='ehsan.tn@gmail.com'
PACKAGE_NAME='hpat-parquet-reader'
PACKAGE_STRING='hpat-parquet-reader 0.1'
PACKAGE_TARNAME='hpat-parquet-reader'
PACKAGE_URL=''
PACKAGE_VERSION='0.1'
PATH_SEPARATOR=':'
RANLIB='/Users/etotoni/pse-hpc/python/anaconda3/envs/PA/bin/x86_64-apple-darwin13.4.0-ranlib'
SED='/usr/local/bin/gsed'
SET_MAKE=''
SHELL='/bin/sh'
STRIP='/Users/etotoni/pse-hpc/python/anaconda3/envs/PA/bin/x86_64-apple-darwin13.4.0-strip'
VERSION='0.1'
ac_ct_AR=''
ac_ct_CC='x86_64-apple-darwin13.4.0-clang'
ac_ct_CXX=''
ac_ct_DUMPBIN=''
am__EXEEXT_FALSE=''
am__EXEEXT_TRUE='#'
am__fastdepCC_FALSE='#'
am__fastdepCC_TRUE=''
am__fastdepCXX_FALSE='#'
am__fastdepCXX_TRUE=''
am__include='include'
am__isrc=''
am__leading_dot='.'
am__nodep='_no'
am__quote=''
am__tar='$${TAR-tar} chof - "$$tardir"'
am__untar='$${TAR-tar} xf -'
bindir='${exec_prefix}/bin'
build='x86_64-apple-darwin17.3.0'
build_alias=''
build_cpu='x86_64'
build_os='darwin17.3.0'
build_vendor='apple'
datadir='${datarootdir}'
datarootdir='${prefix}/share'
docdir='${datarootdir}/doc/${PACKAGE_TARNAME}'
dvidir='${docdir}'
exec_prefix='${prefix}'
host='x86_64-apple-darwin17.3.0'
host_alias=''
host_cpu='x86_64'
host_os='darwin17.3.0'
host_vendor='apple'
htmldir='${docdir}'
includedir='${prefix}/include'
infodir='${datarootdir}/info'
install_sh='${SHELL} /Users/etotoni/pse-hpc/python/hpat/parquet_reader/install-sh'
libdir='${exec_prefix}/lib'
libexecdir='${exec_prefix}/libexec'
localedir='${datarootdir}/locale'
localstatedir='${prefix}/var'
mandir='${datarootdir}/man'
mkdir_p='$(MKDIR_P)'
oldincludedir='/usr/include'
pdfdir='${docdir}'
prefix='/usr/local'
program_transform_name='s,x,x,'
psdir='${docdir}'
sbindir='${exec_prefix}/sbin'
sharedstatedir='${prefix}/com'
sysconfdir='${prefix}/etc'
target_alias=''

## ----------- ##
## confdefs.h. ##
## ----------- ##

/* confdefs.h */
#define PACKAGE_NAME "hpat-parquet-reader"
#define PACKAGE_TARNAME "hpat-parquet-reader"
#define PACKAGE_VERSION "0.1"
#define PACKAGE_STRING "hpat-parquet-reader 0.1"
#define PACKAGE_BUGREPORT "ehsan.tn@gmail.com"
#define PACKAGE_URL ""
#define PACKAGE "hpat-parquet-reader"
#define VERSION "0.1"
#define STDC_HEADERS 1
#define HAVE_SYS_TYPES_H 1
#define HAVE_SYS_STAT_H 1
#define HAVE_STDLIB_H 1
#define HAVE_STRING_H 1
#define HAVE_MEMORY_H 1
#define HAVE_STRINGS_H 1
#define HAVE_INTTYPES_H 1
#define HAVE_STDINT_H 1
#define HAVE_UNISTD_H 1
#define HAVE_DLFCN_H 1
#define LT_OBJDIR ".libs/"
#define HAVE__BOOL 1

configure: exit 0
